#
# A fatal error has been detected by the Java Runtime Environment:
#
#  EXCEPTION_ACCESS_VIOLATION (0xc0000005) at pc=0x00007ffde3a4308a, pid=10472, tid=0x00000000000022ec
#
# JRE version: Java(TM) SE Runtime Environment (8.0_441) (build 1.8.0_441-b07)
# Java VM: Java HotSpot(TM) 64-Bit Server VM (25.441-b07 mixed mode windows-amd64 compressed oops)
# Problematic frame:
# C  [ig9icd64.dll+0x65308a]
#
# Failed to write core dump. Minidumps are not enabled by default on client versions of Windows
#
# If you would like to submit a bug report, please visit:
#   http://bugreport.java.com/bugreport/crash.jsp
# The crash happened outside the Java Virtual Machine in native code.
# See problematic frame for where to report the bug.
#

---------------  T H R E A D  ---------------

Current thread (0x0000024bb48f8800):  JavaThread "Animation Thread" [_thread_in_native, id=8940, stack(0x000000a8cef00000,0x000000a8cf000000)]

siginfo: ExceptionCode=0xc0000005, reading address 0x0000000000000100

Registers:
RAX=0x0000000000000100, RBX=0x0000000000000000, RCX=0x0000000000000000, RDX=0x0000000000000440
RSP=0x000000a8ceffd460, RBP=0x000000a8ceffd560, RSI=0x0000024bb5567f40, RDI=0x0000024bbc931080
R8 =0x0000000000000100, R9 =0x000000000000001d, R10=0x0000000000000018, R11=0x000000a8ceffe160
R12=0x0000000000000001, R13=0x0000000000000000, R14=0x0000000000000000, R15=0x000000a8ceffd650
RIP=0x00007ffde3a4308a, EFLAGS=0x0000000000010206

Top of Stack: (sp=0x000000a8ceffd460)
0x000000a8ceffd460:   0000000000000000 0000024bb5567f40
0x000000a8ceffd470:   0000024bb5567f00 0000024bb5567f40
0x000000a8ceffd480:   000c400000000000 0000000000000000
0x000000a8ceffd490:   000000010000001d 0000000300000000
0x000000a8ceffd4a0:   000c400000000004 00004186545050be
0x000000a8ceffd4b0:   0000024bb5567f40 00007ffde34741d2
0x000000a8ceffd4c0:   0000024bb559cfc0 0000000000000000
0x000000a8ceffd4d0:   0000001db559cf00 0000000000000000
0x000000a8ceffd4e0:   000000a8ceffd650 0000024bbc931080
0x000000a8ceffd4f0:   0000000000000000 000000a8ceffdfc0
0x000000a8ceffd500:   0000000000000000 0000000000000000
0x000000a8ceffd510:   0000000000000000 00007ffde398a625
0x000000a8ceffd520:   0000000000000000 0000000000000000
0x000000a8ceffd530:   0000000000000000 0000000000000000
0x000000a8ceffd540:   0000024bb57bf608 0000024bb544cf40
0x000000a8ceffd550:   0000000000000000 0000000000000000 

Instructions: (pc=0x00007ffde3a4308a)
0x00007ffde3a4306a:   48 85 c0 75 f3 41 80 b8 20 04 00 00 00 74 1c 8b
0x00007ffde3a4307a:   c1 83 e0 0f 48 c1 e0 06 49 03 c0 48 85 c0 74 0b
0x00007ffde3a4308a:   48 8b 08 eb 09 48 83 c0 08 eb f0 49 8b ce 48 8b
0x00007ffde3a4309a:   86 30 49 03 00 48 3b 88 48 01 00 00 0f 86 5e 01 


Register to memory mapping:

RAX=0x0000000000000100 is an unknown value
RBX=0x0000000000000000 is an unknown value
RCX=0x0000000000000000 is an unknown value
RDX=0x0000000000000440 is an unknown value
RSP=0x000000a8ceffd460 is pointing into the stack for thread: 0x0000024bb48f8800
RBP=0x000000a8ceffd560 is pointing into the stack for thread: 0x0000024bb48f8800
RSI=0x0000024bb5567f40 is an unknown value
RDI=0x0000024bbc931080 is an unknown value
R8 =0x0000000000000100 is an unknown value
R9 =0x000000000000001d is an unknown value
R10=0x0000000000000018 is an unknown value
R11=0x000000a8ceffe160 is pointing into the stack for thread: 0x0000024bb48f8800
R12=0x0000000000000001 is an unknown value
R13=0x0000000000000000 is an unknown value
R14=0x0000000000000000 is an unknown value
R15=0x000000a8ceffd650 is pointing into the stack for thread: 0x0000024bb48f8800


Stack: [0x000000a8cef00000,0x000000a8cf000000],  sp=0x000000a8ceffd460,  free space=1013k
Native frames: (J=compiled Java code, j=interpreted, Vv=VM code, C=native code)
C  [ig9icd64.dll+0x65308a]
C  [ig9icd64.dll+0x82ee6]
C  [ig9icd64.dll+0x6526d5]
C  [ig9icd64.dll+0x636de6]
C  [ig9icd64.dll+0x9a3dba]
C  [ig9icd64.dll+0x9ad10c]
C  [ig9icd64.dll+0x5aee4b]
C  [ig9icd64.dll+0x5b02ad]
C  [ig9icd64.dll+0x57dfdb]
C  [ig9icd64.dll+0xa27d25]
C  [jogl.dll+0x22cd]
C  0x0000024b9eef28d4

Java frames: (J=compiled Java code, j=interpreted, Vv=VM code)
J 983  com.sun.opengl.impl.GLImpl.glBegin0(I)V (0 bytes) @ 0x0000024b9eef283b [0x0000024b9eef2800+0x3b]
J 1183 C2 processing.opengl.PGraphicsOpenGL.renderTriangles(II)V (1111 bytes) @ 0x0000024b9ef9fcb4 [0x0000024b9ef9f3c0+0x8f4]
J 1229 C2 processing.core.PGraphics3D.endShape(I)V (258 bytes) @ 0x0000024b9efc37e4 [0x0000024b9efc32c0+0x524]
J 1262 C2 processing.core.PGraphics.textCharImpl(CFF)V (229 bytes) @ 0x0000024b9efc77b8 [0x0000024b9efc71c0+0x5f8]
J 1302 C2 processing.core.PGraphics.text([CIIFF)V (185 bytes) @ 0x0000024b9efdfeb4 [0x0000024b9efdfc60+0x254]
J 1364 C2 controlP5.Label$SinglelineLabel.draw(LcontrolP5/Label;Lprocessing/core/PApplet;IILcontrolP5/ControllerInterface;)V (50 bytes) @ 0x0000024b9f025b44 [0x0000024b9f0247c0+0x1384]
J 1536 C2 controlP5.Numberbox$NumberboxView.display(Lprocessing/core/PApplet;Ljava/lang/Object;)V (10 bytes) @ 0x0000024b9f0aaf8c [0x0000024b9f0aa720+0x86c]
J 1435 C2 controlP5.Controller.draw(Lprocessing/core/PApplet;)V (49 bytes) @ 0x0000024b9f074aec [0x0000024b9f074720+0x3cc]
J 1623 C2 controlP5.ControllerGroup.drawControllers(Lprocessing/core/PApplet;)V (198 bytes) @ 0x0000024b9f0f9a74 [0x0000024b9f0f9820+0x254]
J 1455 C1 controlP5.ControllerGroup.draw(Lprocessing/core/PApplet;)V (67 bytes) @ 0x0000024b9f07b954 [0x0000024b9f07b240+0x714]
J 1650 C1 controlP5.ControlWindow.draw()V (628 bytes) @ 0x0000024b9f104e34 [0x0000024b9f101000+0x3e34]
J 1663 C1 sun.reflect.GeneratedMethodAccessor6.invoke(Ljava/lang/Object;[Ljava/lang/Object;)Ljava/lang/Object; (62 bytes) @ 0x0000024b9f119a64 [0x0000024b9f119840+0x224]
J 1483 C2 java.lang.reflect.Method.invoke(Ljava/lang/Object;[Ljava/lang/Object;)Ljava/lang/Object; (62 bytes) @ 0x0000024b9f089e8c [0x0000024b9f089dc0+0xcc]
J 1218 C1 processing.core.PApplet$RegisteredMethods.handle([Ljava/lang/Object;)V (66 bytes) @ 0x0000024b9ef958ec [0x0000024b9ef95760+0x18c]
J 1610 C1 processing.core.PApplet.handleDraw()V (239 bytes) @ 0x0000024b9f0e62ec [0x0000024b9f0e5940+0x9ac]
j  processing.core.PApplet.run()V+72
j  java.lang.Thread.run()V+11
v  ~StubRoutines::call_stub

---------------  P R O C E S S  ---------------

Java Threads: ( => current thread )
  0x0000024bb50fe000 JavaThread "Thread-0" daemon [_thread_in_native, id=6176, stack(0x000000a8cf200000,0x000000a8cf300000)]
  0x0000024bb50fb000 JavaThread "DestroyJavaVM" [_thread_blocked, id=13852, stack(0x000000a8cdb00000,0x000000a8cdc00000)]
=>0x0000024bb48f8800 JavaThread "Animation Thread" [_thread_in_native, id=8940, stack(0x000000a8cef00000,0x000000a8cf000000)]
  0x0000024bb488d800 JavaThread "AWT-EventQueue-0" [_thread_blocked, id=11540, stack(0x000000a8ced00000,0x000000a8cee00000)]
  0x0000024bb4867800 JavaThread "AWT-Windows" daemon [_thread_in_native, id=16844, stack(0x000000a8cec00000,0x000000a8ced00000)]
  0x0000024bb4864800 JavaThread "AWT-Shutdown" [_thread_blocked, id=15984, stack(0x000000a8ceb00000,0x000000a8cec00000)]
  0x0000024bb4864000 JavaThread "Java2D Disposer" daemon [_thread_blocked, id=7268, stack(0x000000a8cea00000,0x000000a8ceb00000)]
  0x0000024bb39f1800 JavaThread "Service Thread" daemon [_thread_blocked, id=3912, stack(0x000000a8ce800000,0x000000a8ce900000)]
  0x0000024bb39be800 JavaThread "C1 CompilerThread2" daemon [_thread_blocked, id=16972, stack(0x000000a8ce700000,0x000000a8ce800000)]
  0x0000024bb39ad000 JavaThread "C2 CompilerThread1" daemon [_thread_blocked, id=11880, stack(0x000000a8ce600000,0x000000a8ce700000)]
  0x0000024bb3956800 JavaThread "C2 CompilerThread0" daemon [_thread_blocked, id=16496, stack(0x000000a8ce500000,0x000000a8ce600000)]
  0x0000024bb3953800 JavaThread "Attach Listener" daemon [_thread_blocked, id=2140, stack(0x000000a8ce400000,0x000000a8ce500000)]
  0x0000024bb3952000 JavaThread "Signal Dispatcher" daemon [_thread_blocked, id=17712, stack(0x000000a8ce300000,0x000000a8ce400000)]
  0x0000024bb393c000 JavaThread "Finalizer" daemon [_thread_blocked, id=17792, stack(0x000000a8ce200000,0x000000a8ce300000)]
  0x0000024bb31e6000 JavaThread "Reference Handler" daemon [_thread_blocked, id=5228, stack(0x000000a8ce100000,0x000000a8ce200000)]

Other Threads:
  0x0000024bb3915800 VMThread [stack: 0x000000a8ce000000,0x000000a8ce100000] [id=2316]
  0x0000024bb39f7800 WatcherThread [stack: 0x000000a8ce900000,0x000000a8cea00000] [id=13144]

VM state:not at safepoint (normal execution)

VM Mutex/Monitor currently owned by a thread: None

heap address: 0x0000000082200000, size: 2014 MB, Compressed Oops mode: 32-bit
Narrow klass base: 0x0000000000000000, Narrow klass shift: 3
Compressed class space size: 1073741824 Address: 0x0000000100000000

Heap:
 PSYoungGen      total 70656K, used 9979K [0x00000000d6100000, 0x00000000dab00000, 0x0000000100000000)
  eden space 65536K, 8% used [0x00000000d6100000,0x00000000d6698bd0,0x00000000da100000)
  from space 5120K, 82% used [0x00000000da600000,0x00000000daa26080,0x00000000dab00000)
  to   space 5120K, 0% used [0x00000000da100000,0x00000000da100000,0x00000000da600000)
 ParOldGen       total 86016K, used 40K [0x0000000082200000, 0x0000000087600000, 0x00000000d6100000)
  object space 86016K, 0% used [0x0000000082200000,0x000000008220a000,0x0000000087600000)
 Metaspace       used 13494K, capacity 13728K, committed 13952K, reserved 1062912K
  class space    used 1323K, capacity 1399K, committed 1408K, reserved 1048576K

Card table byte_map: [0x0000024badf50000,0x0000024bae340000] byte_map_base: 0x0000024badb3f000

Marking Bits: (ParMarkBitMap*) 0x00007ffdf1380200
 Begin Bits: [0x0000024bae5e0000, 0x0000024bb0558000)
 End Bits:   [0x0000024bb0558000, 0x0000024bb24d0000)

Polling page: 0x0000024b9eb50000

CodeCache: size=245760Kb used=5976Kb max_used=5976Kb free=239783Kb
 bounds [0x0000024b9eb90000, 0x0000024b9f170000, 0x0000024badb90000]
 total_blobs=2478 nmethods=1756 adapters=634
 compilation: enabled

Compilation events (10 events):
Event: 311.570 Thread 0x0000024bb39be800 1760   !   3       processing.core.PApplet::enqueueMouseEvent (78 bytes)
Event: 311.571 Thread 0x0000024bb39be800 nmethod 1760 0x0000024b9f166f10 code [0x0000024b9f1670a0, 0x0000024b9f1676f0]
Event: 311.579 Thread 0x0000024bb39be800 1761       3       java.util.logging.LogManager::access$100 (4 bytes)
Event: 311.579 Thread 0x0000024bb39be800 nmethod 1761 0x0000024b9f159450 code [0x0000024b9f1595a0, 0x0000024b9f1596d8]
Event: 311.579 Thread 0x0000024bb39be800 1762       3       java.util.logging.LogManager$LoggerContext::requiresDefaultLoggers (29 bytes)
Event: 311.580 Thread 0x0000024bb39be800 nmethod 1762 0x0000024b9f166890 code [0x0000024b9f166a00, 0x0000024b9f166e30]
Event: 311.580 Thread 0x0000024bb39be800 1763       3       java.util.logging.LogManager$LoggerContext::ensureDefaultLogger (70 bytes)
Event: 311.581 Thread 0x0000024bb39be800 nmethod 1763 0x0000024b9f169e90 code [0x0000024b9f16a040, 0x0000024b9f16a8d0]
Event: 311.581 Thread 0x0000024bb39be800 1764       1       com.sun.opengl.impl.GLContextImpl::getGL (5 bytes)
Event: 311.581 Thread 0x0000024bb39be800 nmethod 1764 0x0000024b9f15cf10 code [0x0000024b9f15d060, 0x0000024b9f15d178]

GC Heap History (8 events):
Event: 248.651 GC heap before
{Heap before GC invocations=1 (full 0):
 PSYoungGen      total 37888K, used 32768K [0x00000000d6100000, 0x00000000d8b00000, 0x0000000100000000)
  eden space 32768K, 100% used [0x00000000d6100000,0x00000000d8100000,0x00000000d8100000)
  from space 5120K, 0% used [0x00000000d8600000,0x00000000d8600000,0x00000000d8b00000)
  to   space 5120K, 0% used [0x00000000d8100000,0x00000000d8100000,0x00000000d8600000)
 ParOldGen       total 86016K, used 0K [0x0000000082200000, 0x0000000087600000, 0x00000000d6100000)
  object space 86016K, 0% used [0x0000000082200000,0x0000000082200000,0x0000000087600000)
 Metaspace       used 12576K, capacity 12744K, committed 12928K, reserved 1060864K
  class space    used 1304K, capacity 1393K, committed 1408K, reserved 1048576K
Event: 248.661 GC heap after
Heap after GC invocations=1 (full 0):
 PSYoungGen      total 37888K, used 4651K [0x00000000d6100000, 0x00000000d8b00000, 0x0000000100000000)
  eden space 32768K, 0% used [0x00000000d6100000,0x00000000d6100000,0x00000000d8100000)
  from space 5120K, 90% used [0x00000000d8100000,0x00000000d858aee8,0x00000000d8600000)
  to   space 5120K, 0% used [0x00000000d8600000,0x00000000d8600000,0x00000000d8b00000)
 ParOldGen       total 86016K, used 16K [0x0000000082200000, 0x0000000087600000, 0x00000000d6100000)
  object space 86016K, 0% used [0x0000000082200000,0x0000000082204000,0x0000000087600000)
 Metaspace       used 12576K, capacity 12744K, committed 12928K, reserved 1060864K
  class space    used 1304K, capacity 1393K, committed 1408K, reserved 1048576K
}
Event: 248.684 GC heap before
{Heap before GC invocations=2 (full 0):
 PSYoungGen      total 37888K, used 37419K [0x00000000d6100000, 0x00000000d8b00000, 0x0000000100000000)
  eden space 32768K, 100% used [0x00000000d6100000,0x00000000d8100000,0x00000000d8100000)
  from space 5120K, 90% used [0x00000000d8100000,0x00000000d858aee8,0x00000000d8600000)
  to   space 5120K, 0% used [0x00000000d8600000,0x00000000d8600000,0x00000000d8b00000)
 ParOldGen       total 86016K, used 16K [0x0000000082200000, 0x0000000087600000, 0x00000000d6100000)
  object space 86016K, 0% used [0x0000000082200000,0x0000000082204000,0x0000000087600000)
 Metaspace       used 12590K, capacity 12808K, committed 12928K, reserved 1060864K
  class space    used 1305K, capacity 1393K, committed 1408K, reserved 1048576K
Event: 248.691 GC heap after
Heap after GC invocations=2 (full 0):
 PSYoungGen      total 37888K, used 3315K [0x00000000d6100000, 0x00000000dab00000, 0x0000000100000000)
  eden space 32768K, 0% used [0x00000000d6100000,0x00000000d6100000,0x00000000d8100000)
  from space 5120K, 64% used [0x00000000d8600000,0x00000000d893cc58,0x00000000d8b00000)
  to   space 5120K, 0% used [0x00000000d8100000,0x00000000d8100000,0x00000000d8600000)
 ParOldGen       total 86016K, used 24K [0x0000000082200000, 0x0000000087600000, 0x00000000d6100000)
  object space 86016K, 0% used [0x0000000082200000,0x0000000082206000,0x0000000087600000)
 Metaspace       used 12590K, capacity 12808K, committed 12928K, reserved 1060864K
  class space    used 1305K, capacity 1393K, committed 1408K, reserved 1048576K
}
Event: 248.699 GC heap before
{Heap before GC invocations=3 (full 0):
 PSYoungGen      total 37888K, used 36083K [0x00000000d6100000, 0x00000000dab00000, 0x0000000100000000)
  eden space 32768K, 100% used [0x00000000d6100000,0x00000000d8100000,0x00000000d8100000)
  from space 5120K, 64% used [0x00000000d8600000,0x00000000d893cc58,0x00000000d8b00000)
  to   space 5120K, 0% used [0x00000000d8100000,0x00000000d8100000,0x00000000d8600000)
 ParOldGen       total 86016K, used 24K [0x0000000082200000, 0x0000000087600000, 0x00000000d6100000)
  object space 86016K, 0% used [0x0000000082200000,0x0000000082206000,0x0000000087600000)
 Metaspace       used 12590K, capacity 12808K, committed 12928K, reserved 1060864K
  class space    used 1305K, capacity 1393K, committed 1408K, reserved 1048576K
Event: 248.704 GC heap after
Heap after GC invocations=3 (full 0):
 PSYoungGen      total 37888K, used 3282K [0x00000000d6100000, 0x00000000dab00000, 0x0000000100000000)
  eden space 32768K, 0% used [0x00000000d6100000,0x00000000d6100000,0x00000000d8100000)
  from space 5120K, 64% used [0x00000000d8100000,0x00000000d8434800,0x00000000d8600000)
  to   space 5120K, 0% used [0x00000000da600000,0x00000000da600000,0x00000000dab00000)
 ParOldGen       total 86016K, used 24K [0x0000000082200000, 0x0000000087600000, 0x00000000d6100000)
  object space 86016K, 0% used [0x0000000082200000,0x0000000082206000,0x0000000087600000)
 Metaspace       used 12590K, capacity 12808K, committed 12928K, reserved 1060864K
  class space    used 1305K, capacity 1393K, committed 1408K, reserved 1048576K
}
Event: 262.662 GC heap before
{Heap before GC invocations=4 (full 0):
 PSYoungGen      total 37888K, used 36050K [0x00000000d6100000, 0x00000000dab00000, 0x0000000100000000)
  eden space 32768K, 100% used [0x00000000d6100000,0x00000000d8100000,0x00000000d8100000)
  from space 5120K, 64% used [0x00000000d8100000,0x00000000d8434800,0x00000000d8600000)
  to   space 5120K, 0% used [0x00000000da600000,0x00000000da600000,0x00000000dab00000)
 ParOldGen       total 86016K, used 24K [0x0000000082200000, 0x0000000087600000, 0x00000000d6100000)
  object space 86016K, 0% used [0x0000000082200000,0x0000000082206000,0x0000000087600000)
 Metaspace       used 13406K, capacity 13600K, committed 13696K, reserved 1060864K
  class space    used 1321K, capacity 1399K, committed 1408K, reserved 1048576K
Event: 262.669 GC heap after
Heap after GC invocations=4 (full 0):
 PSYoungGen      total 70656K, used 4248K [0x00000000d6100000, 0x00000000dab00000, 0x0000000100000000)
  eden space 65536K, 0% used [0x00000000d6100000,0x00000000d6100000,0x00000000da100000)
  from space 5120K, 82% used [0x00000000da600000,0x00000000daa26080,0x00000000dab00000)
  to   space 5120K, 0% used [0x00000000da100000,0x00000000da100000,0x00000000da600000)
 ParOldGen       total 86016K, used 40K [0x0000000082200000, 0x0000000087600000, 0x00000000d6100000)
  object space 86016K, 0% used [0x0000000082200000,0x000000008220a000,0x0000000087600000)
 Metaspace       used 13406K, capacity 13600K, committed 13696K, reserved 1060864K
  class space    used 1321K, capacity 1399K, committed 1408K, reserved 1048576K
}

Deoptimization events (10 events):
Event: 269.523 Thread 0x0000024bb48f8800 Uncommon trap: reason=class_check action=maybe_recompile pc=0x0000024b9f064b9c method=controlP5.Controller.inside()Z @ 89
Event: 269.523 Thread 0x0000024bb48f8800 Uncommon trap: reason=unstable_if action=reinterpret pc=0x0000024b9f01c764 method=controlP5.Controller.updateEvents()Ljava/lang/Object; @ 292
Event: 269.523 Thread 0x0000024bb48f8800 Uncommon trap: reason=class_check action=maybe_recompile pc=0x0000024b9f064b9c method=controlP5.Controller.inside()Z @ 89
Event: 269.523 Thread 0x0000024bb48f8800 Uncommon trap: reason=class_check action=maybe_recompile pc=0x0000024b9f064b9c method=controlP5.Controller.inside()Z @ 89
Event: 269.523 Thread 0x0000024bb48f8800 Uncommon trap: reason=unstable_if action=reinterpret pc=0x0000024b9f0cb230 method=controlP5.Button$ButtonView.display(Lprocessing/core/PApplet;LcontrolP5/Button;)V @ 44
Event: 269.571 Thread 0x0000024bb48f8800 Uncommon trap: reason=unstable_if action=reinterpret pc=0x0000024b9f0bd5a4 method=controlP5.Controller.setMouseOver(Z)Ljava/lang/Object; @ 5
Event: 270.173 Thread 0x0000024bb48f8800 Uncommon trap: reason=unstable_if action=reinterpret pc=0x0000024b9f0fdfa0 method=controlP5.ControllerGroup.updateEvents()Ljava/lang/Object; @ 59
Event: 270.379 Thread 0x0000024bb48f8800 Uncommon trap: reason=unstable_if action=reinterpret pc=0x0000024b9f0a3f48 method=controlP5.Controller.broadcast(I)V @ 30
Event: 270.379 Thread 0x0000024bb48f8800 Uncommon trap: reason=unstable_if action=reinterpret pc=0x0000024b9f0a0e64 method=MultiWiiConf.controlEvent(LcontrolP5/ControlEvent;)V @ 4
Event: 311.565 Thread 0x0000024bb48f8800 Uncommon trap: reason=unstable_if action=reinterpret pc=0x0000024b9f16873c method=java.lang.Integer.getChars(II[C)V @ 20

Classes redefined (0 events):
No events

Internal exceptions (10 events):
Event: 186.717 Thread 0x0000024bb48f8800 Exception <a 'java/io/FileNotFoundException'> (0x00000000d731a840) thrown at [C:\jenkins\workspace\8-2-build-windows-x64-cygwin-sans-NAS\jdk8u441\1521\hotspot\src\share\vm\prims\jni.cpp, line 710]
Event: 207.325 Thread 0x0000024bb48f8800 Exception <a 'java/io/FileNotFoundException'> (0x00000000d7330aa8) thrown at [C:\jenkins\workspace\8-2-build-windows-x64-cygwin-sans-NAS\jdk8u441\1521\hotspot\src\share\vm\prims\jni.cpp, line 710]
Event: 207.326 Thread 0x0000024bb48f8800 Exception <a 'java/io/FileNotFoundException'> (0x00000000d73406e8) thrown at [C:\jenkins\workspace\8-2-build-windows-x64-cygwin-sans-NAS\jdk8u441\1521\hotspot\src\share\vm\prims\jni.cpp, line 710]
Event: 227.944 Thread 0x0000024bb48f8800 Exception <a 'java/io/FileNotFoundException'> (0x00000000d7356950) thrown at [C:\jenkins\workspace\8-2-build-windows-x64-cygwin-sans-NAS\jdk8u441\1521\hotspot\src\share\vm\prims\jni.cpp, line 710]
Event: 227.949 Thread 0x0000024bb48f8800 Exception <a 'java/io/FileNotFoundException'> (0x00000000d7370280) thrown at [C:\jenkins\workspace\8-2-build-windows-x64-cygwin-sans-NAS\jdk8u441\1521\hotspot\src\share\vm\prims\jni.cpp, line 710]
Event: 248.583 Thread 0x0000024bb48f8800 Exception <a 'java/io/FileNotFoundException'> (0x00000000d73864e8) thrown at [C:\jenkins\workspace\8-2-build-windows-x64-cygwin-sans-NAS\jdk8u441\1521\hotspot\src\share\vm\prims\jni.cpp, line 710]
Event: 270.379 Thread 0x0000024bb48f8800 Exception <a 'java/io/FileNotFoundException'> (0x00000000d64d0390) thrown at [C:\jenkins\workspace\8-2-build-windows-x64-cygwin-sans-NAS\jdk8u441\1521\hotspot\src\share\vm\prims\jni.cpp, line 710]
Event: 291.057 Thread 0x0000024bb48f8800 Exception <a 'java/io/FileNotFoundException'> (0x00000000d64e67e0) thrown at [C:\jenkins\workspace\8-2-build-windows-x64-cygwin-sans-NAS\jdk8u441\1521\hotspot\src\share\vm\prims\jni.cpp, line 710]
Event: 291.058 Thread 0x0000024bb48f8800 Exception <a 'java/io/FileNotFoundException'> (0x00000000d64fe6a0) thrown at [C:\jenkins\workspace\8-2-build-windows-x64-cygwin-sans-NAS\jdk8u441\1521\hotspot\src\share\vm\prims\jni.cpp, line 710]
Event: 311.561 Thread 0x0000024bb48f8800 Exception <a 'java/io/FileNotFoundException'> (0x00000000d6514ac0) thrown at [C:\jenkins\workspace\8-2-build-windows-x64-cygwin-sans-NAS\jdk8u441\1521\hotspot\src\share\vm\prims\jni.cpp, line 710]

Events (10 events):
Event: 311.565 Thread 0x0000024bb48f8800 DEOPT UNPACKING pc=0x0000024b9ebd58c3 sp=0x000000a8ceffe368 mode 2
Event: 311.575 loading class java/util/IdentityHashMap$KeyIterator
Event: 311.575 loading class java/util/IdentityHashMap$IdentityHashMapIterator
Event: 311.576 loading class java/util/IdentityHashMap$IdentityHashMapIterator done
Event: 311.576 loading class java/util/IdentityHashMap$KeyIterator done
Event: 311.576 Thread 0x0000024bb50fd800 Thread added: 0x0000024bb50fd800
Event: 311.576 Thread 0x0000024bb50fa000 Thread added: 0x0000024bb50fa000
Event: 311.577 Thread 0x0000024bb50fe000 Thread added: 0x0000024bb50fe000
Event: 311.580 Thread 0x0000024bb50fd800 Thread exited: 0x0000024bb50fd800
Event: 311.581 Thread 0x0000024bb50fa000 Thread exited: 0x0000024bb50fa000


Dynamic libraries:
0x00007ff751260000 - 0x00007ff7512af000 	C:\Program Files\Java\jre1.8.0_441\bin\javaw.exe
0x00007ffe82480000 - 0x00007ffe826e3000 	C:\WINDOWS\SYSTEM32\ntdll.dll
0x00007ffe80c90000 - 0x00007ffe80d57000 	C:\WINDOWS\System32\KERNEL32.DLL
0x00007ffe7fd00000 - 0x00007ffe800c7000 	C:\WINDOWS\System32\KERNELBASE.dll
0x00007ffe80670000 - 0x00007ffe80724000 	C:\WINDOWS\System32\ADVAPI32.dll
0x00007ffe805c0000 - 0x00007ffe80669000 	C:\WINDOWS\System32\msvcrt.dll
0x00007ffe80a10000 - 0x00007ffe80ab6000 	C:\WINDOWS\System32\sechost.dll
0x00007ffe802c0000 - 0x00007ffe803d6000 	C:\WINDOWS\System32\RPCRT4.dll
0x00007ffe80d60000 - 0x00007ffe80f29000 	C:\WINDOWS\System32\USER32.dll
0x00007ffe7fc20000 - 0x00007ffe7fc47000 	C:\WINDOWS\System32\win32u.dll
0x00007ffe81d00000 - 0x00007ffe81d2a000 	C:\WINDOWS\System32\GDI32.dll
0x00007ffe7f9a0000 - 0x00007ffe7facb000 	C:\WINDOWS\System32\gdi32full.dll
0x00007ffe7fc50000 - 0x00007ffe7fcf3000 	C:\WINDOWS\System32\msvcp_win.dll
0x00007ffe80170000 - 0x00007ffe802bc000 	C:\WINDOWS\System32\ucrtbase.dll
0x00007ffe6c1e0000 - 0x00007ffe6c470000 	C:\WINDOWS\WinSxS\amd64_microsoft.windows.common-controls_6595b64144ccf1df_6.0.26100.3037_none_3e09262ce333c378\COMCTL32.dll
0x00007ffe813d0000 - 0x00007ffe813ff000 	C:\WINDOWS\System32\IMM32.DLL
0x00007ffe78b80000 - 0x00007ffe78b9b000 	C:\Program Files\Java\jre1.8.0_441\bin\vcruntime140.dll
0x00007ffe7a510000 - 0x00007ffe7a51c000 	C:\Program Files\Java\jre1.8.0_441\bin\vcruntime140_1.dll
0x00007ffe67e90000 - 0x00007ffe67f1e000 	C:\Program Files\Java\jre1.8.0_441\bin\msvcp140.dll
0x00007ffdf0b50000 - 0x00007ffdf13fa000 	C:\Program Files\Java\jre1.8.0_441\bin\server\jvm.dll
0x00007ffe80a00000 - 0x00007ffe80a08000 	C:\WINDOWS\System32\PSAPI.DLL
0x00007ffe68d90000 - 0x00007ffe68dc6000 	C:\WINDOWS\SYSTEM32\WINMM.dll
0x00007ffe7a450000 - 0x00007ffe7a45a000 	C:\WINDOWS\SYSTEM32\WSOCK32.dll
0x00007ffe736d0000 - 0x00007ffe736db000 	C:\WINDOWS\SYSTEM32\VERSION.dll
0x00007ffe81b30000 - 0x00007ffe81ba4000 	C:\WINDOWS\System32\WS2_32.dll
0x00007ffe7e720000 - 0x00007ffe7e73a000 	C:\WINDOWS\SYSTEM32\kernel.appcore.dll
0x00007ffe6c790000 - 0x00007ffe6c7a0000 	C:\Program Files\Java\jre1.8.0_441\bin\verify.dll
0x00007ffe6a660000 - 0x00007ffe6a68b000 	C:\Program Files\Java\jre1.8.0_441\bin\java.dll
0x00007ffe6acf0000 - 0x00007ffe6ad08000 	C:\Program Files\Java\jre1.8.0_441\bin\zip.dll
0x00007ffe81d30000 - 0x00007ffe82434000 	C:\WINDOWS\System32\SHELL32.dll
0x00007ffe7d520000 - 0x00007ffe7dd57000 	C:\WINDOWS\SYSTEM32\windows.storage.dll
0x00007ffe81740000 - 0x00007ffe81abe000 	C:\WINDOWS\System32\combase.dll
0x00007ffe81bb0000 - 0x00007ffe81c99000 	C:\WINDOWS\System32\SHCORE.dll
0x00007ffe81ca0000 - 0x00007ffe81cfd000 	C:\WINDOWS\System32\shlwapi.dll
0x00007ffe7f730000 - 0x00007ffe7f75e000 	C:\WINDOWS\SYSTEM32\profapi.dll
0x00007ffe53850000 - 0x00007ffe539ce000 	C:\Program Files\Java\jre1.8.0_441\bin\awt.dll
0x00007ffe80ac0000 - 0x00007ffe80b96000 	C:\WINDOWS\System32\OLEAUT32.dll
0x00007ffe7c7b0000 - 0x00007ffe7c84c000 	C:\WINDOWS\SYSTEM32\apphelp.dll
0x00007ffe7cb20000 - 0x00007ffe7cbcd000 	C:\WINDOWS\system32\uxtheme.dll
0x00007ffe80460000 - 0x00007ffe805bc000 	C:\WINDOWS\System32\MSCTF.dll
0x00007ffe815a0000 - 0x00007ffe81735000 	C:\WINDOWS\System32\ole32.dll
0x00007ffe800d0000 - 0x00007ffe80169000 	C:\WINDOWS\System32\bcryptPrimitives.dll
0x00007ffe7ce80000 - 0x00007ffe7ceae000 	C:\WINDOWS\system32\DWMAPI.DLL
0x00007ffe65540000 - 0x00007ffe6564c000 	C:\WINDOWS\system32\opengl32.dll
0x00007ffe65270000 - 0x00007ffe6529d000 	C:\WINDOWS\SYSTEM32\GLU32.dll
0x00007ffe7cc80000 - 0x00007ffe7ccc7000 	C:\WINDOWS\SYSTEM32\dxcore.dll
0x00007ffe686f0000 - 0x00007ffe6873f000 	C:\Program Files\Java\jre1.8.0_441\bin\fontmanager.dll
0x0000000010000000 - 0x000000001005a000 	C:\Users\PRADEEP\OneDrive\Desktop\MultiWiiConf\application.windows64\jogl.dll
0x0000000063e10000 - 0x0000000063ed9000 	C:\WINDOWS\WinSxS\amd64_microsoft.vc80.crt_1fc8b3b9a1e18e3b_8.0.50727.9680_none_88e394a52fab6222\MSVCR80.dll
0x00007ffe6a5b0000 - 0x00007ffe6a5b7000 	C:\Program Files\Java\jre1.8.0_441\bin\jawt.dll
0x0000000000010000 - 0x0000000000017000 	C:\Users\PRADEEP\OneDrive\Desktop\MultiWiiConf\application.windows64\jogl_awt.dll
0x00007ffe6ca60000 - 0x00007ffe6cba6000 	C:\WINDOWS\SYSTEM32\textinputframework.dll
0x00007ffe7ccd0000 - 0x00007ffe7cd2c000 	C:\WINDOWS\SYSTEM32\directxdatabasehelper.dll
0x00007ffe69930000 - 0x00007ffe6994a000 	C:\WINDOWS\SYSTEM32\windows.staterepositorycore.dll
0x00007ffde33f0000 - 0x00007ffde43b6000 	C:\WINDOWS\System32\DriverStore\FileRepository\iigd_dch.inf_amd64_4c62167d8982367b\ig9icd64.dll
0x00007ffe7cd30000 - 0x00007ffe7ce5c000 	C:\WINDOWS\system32\dxgi.dll
0x00007ffe7f4b0000 - 0x00007ffe7f50f000 	C:\WINDOWS\SYSTEM32\cfgmgr32.dll
0x00007ffe32d30000 - 0x00007ffe3316c000 	C:\WINDOWS\System32\DriverStore\FileRepository\iigd_dch.inf_amd64_4c62167d8982367b\igdml64.dll
0x00007ffe642b0000 - 0x00007ffe646e2000 	C:\Windows\System32\uiautomationcore.dll
0x00007ffe76990000 - 0x00007ffe76d48000 	C:\WINDOWS\System32\DriverStore\FileRepository\iigd_dch.inf_amd64_4c62167d8982367b\igdgmm64.dll
0x00007ffe654c0000 - 0x00007ffe6553c000 	C:\Windows\System32\OLEACC.dll
0x00007ffe80730000 - 0x00007ffe807d8000 	C:\WINDOWS\System32\clbcatq.dll
0x00007ffe73830000 - 0x00007ffe765d8000 	C:\WINDOWS\System32\DriverStore\FileRepository\iigd_dch.inf_amd64_4c62167d8982367b\igc64.dll
0x00007ffe7e480000 - 0x00007ffe7e4ce000 	C:\WINDOWS\SYSTEM32\powrprof.dll
0x00007ffe7e460000 - 0x00007ffe7e474000 	C:\WINDOWS\SYSTEM32\UMPDC.dll
0x00007ffe6a590000 - 0x00007ffe6a5ac000 	C:\Program Files\Java\jre1.8.0_441\bin\net.dll
0x00007ffe7ec10000 - 0x00007ffe7ec78000 	C:\WINDOWS\system32\mswsock.dll
0x00007ffe68b60000 - 0x00007ffe68b73000 	C:\Program Files\Java\jre1.8.0_441\bin\nio.dll
0x00007ffe5f240000 - 0x00007ffe5f283000 	C:\Program Files\Java\jre1.8.0_441\bin\t2k.dll
0x0000000180000000 - 0x0000000180025000 	C:\Users\PRADEEP\OneDrive\Desktop\MultiWiiConf\application.windows64\rxtxSerial.dll
0x00007ffe7c4c0000 - 0x00007ffe7c5e5000 	C:\WINDOWS\SYSTEM32\CoreMessaging.dll
0x00007ffe783f0000 - 0x00007ffe786d3000 	C:\WINDOWS\SYSTEM32\CoreUIComponents.dll
0x00007ffe78d20000 - 0x00007ffe78e88000 	C:\WINDOWS\SYSTEM32\wintypes.dll
0x00007ffe7ee40000 - 0x00007ffe7ee4c000 	C:\WINDOWS\SYSTEM32\CRYPTBASE.DLL
0x00007ffe5a240000 - 0x00007ffe5a481000 	C:\WINDOWS\SYSTEM32\dbghelp.dll

VM Arguments:
java_command: MultiWiiConf
java_class_path (initial): C:\Users\PRADEEP\OneDrive\Desktop\MultiWiiConf\application.windows64\lib\MultiWiiConf.jar;C:\Users\PRADEEP\OneDrive\Desktop\MultiWiiConf\application.windows64\lib\core.jar;C:\Users\PRADEEP\OneDrive\Desktop\MultiWiiConf\application.windows64\lib\RXTXcomm.jar;C:\Users\PRADEEP\OneDrive\Desktop\MultiWiiConf\application.windows64\lib\serial.jar;C:\Users\PRADEEP\OneDrive\Desktop\MultiWiiConf\application.windows64\lib\controlP5.jar;C:\Users\PRADEEP\OneDrive\Desktop\MultiWiiConf\application.windows64\lib\controlP5_ori.jar;C:\Users\PRADEEP\OneDrive\Desktop\MultiWiiConf\application.windows64\lib\gluegen-rt.jar;C:\Users\PRADEEP\OneDrive\Desktop\MultiWiiConf\application.windows64\lib\jogl.jar;C:\Users\PRADEEP\OneDrive\Desktop\MultiWiiConf\application.windows64\lib\opengl.jar
Launcher Type: SUN_STANDARD

Environment Variables:
CLASSPATH=C:\Users\PRADEEP\OneDrive\Desktop\MultiWiiConf\application.windows64\lib\MultiWiiConf.jar;C:\Users\PRADEEP\OneDrive\Desktop\MultiWiiConf\application.windows64\lib\core.jar;C:\Users\PRADEEP\OneDrive\Desktop\MultiWiiConf\application.windows64\lib\RXTXcomm.jar;C:\Users\PRADEEP\OneDrive\Desktop\MultiWiiConf\application.windows64\lib\serial.jar;C:\Users\PRADEEP\OneDrive\Desktop\MultiWiiConf\application.windows64\lib\controlP5.jar;C:\Users\PRADEEP\OneDrive\Desktop\MultiWiiConf\application.windows64\lib\controlP5_ori.jar;C:\Users\PRADEEP\OneDrive\Desktop\MultiWiiConf\application.windows64\lib\gluegen-rt.jar;C:\Users\PRADEEP\OneDrive\Desktop\MultiWiiConf\application.windows64\lib\jogl.jar;C:\Users\PRADEEP\OneDrive\Desktop\MultiWiiConf\application.windows64\lib\opengl.jar
PATH=C:\Program Files (x86)\Common Files\Oracle\Java\java8path;C:\WINDOWS\system32;C:\WINDOWS;C:\WINDOWS\System32\Wbem;C:\WINDOWS\System32\WindowsPowerShell\v1.0;C:\Users\PRADEEP\AppData\Local\Microsoft\WindowsApps
USERNAME=PRADEEP
OS=Windows_NT
PROCESSOR_IDENTIFIER=Intel64 Family 6 Model 142 Stepping 10, GenuineIntel



---------------  S Y S T E M  ---------------

OS: Windows 11 , 64 bit Build 26100 (10.0.26100.3037)

CPU:total 4 (initial active 4) (2 cores per cpu, 2 threads per core) family 6 model 142 stepping 10, cmov, cx8, fxsr, mmx, sse, sse2, sse3, ssse3, sse4.1, sse4.2, popcnt, avx, avx2, aes, clmul, erms, 3dnowpref, lzcnt, ht, tsc, tscinvbit, bmi1, bmi2, adx

Memory: 4k page, physical 8245020k(1822024k free), swap 12046108k(2733556k free)

vm_info: Java HotSpot(TM) 64-Bit Server VM (25.441-b07) for windows-amd64 JRE (1.8.0_441-b07), built on Dec  4 2024 08:12:36 by "java_re" with MS VC++ 17.6 (VS2022)

time: Sun Feb  9 19:23:23 2025
timezone: India Standard Time
elapsed time: 311.726808 seconds (0d 0h 5m 11s)

